[20:40:24] [ServerMain/INFO]: [bootstrap] Running Java 21 (OpenJDK 64-Bit Server VM 21.0.6+7-Ubuntu-120.04.1; Ubuntu null) on Linux 6.8.0-1021-azure (amd64)
[20:40:24] [ServerMain/INFO]: [bootstrap] Loading Paper 1.21-130-master@b1b5d4c (2024-08-10T10:02:42Z) for Minecraft 1.21
[20:40:24] [ServerMain/INFO]: [PluginInitializerManager] Initializing plugins...
[20:40:24] [ServerMain/INFO]: [PluginInitializerManager] Initialized 0 plugins
[20:40:25] [Paper Plugin Remapper Thread - 1/INFO]: [ReobfServer] Remapping server...
[20:40:31] [ServerMain/INFO]: Environment: Environment[sessionHost=https://sessionserver.mojang.com, servicesHost=https://api.minecraftservices.com, name=PROD]
[20:40:31] [ServerMain/INFO]: Found new data pack file/bukkit, loading it automatically
[20:40:31] [ServerMain/INFO]: Found new data pack paper, loading it automatically
[20:40:33] [ServerMain/INFO]: No existing world data, creating new world
[20:40:33] [Paper Plugin Remapper Thread - 1/INFO]: [ReobfServer] Done remapping server in 8900ms.
[20:40:34] [ServerMain/INFO]: Loaded 1290 recipes
[20:40:34] [ServerMain/INFO]: Loaded 1399 advancements
[20:40:34] [Server thread/INFO]: Starting minecraft server version 1.21
[20:40:34] [Server thread/INFO]: Loading properties
[20:40:34] [Server thread/INFO]: This server is running Paper version 1.21-130-master@b1b5d4c (2024-08-10T10:02:42Z) (Implementing API version 1.21-R0.1-SNAPSHOT)
[20:40:35] [Server thread/INFO]: [spark] This server bundles the spark profiler. For more information please visit https://docs.papermc.io/paper/profiling
[20:40:35] [Server thread/INFO]: Server Ping Player Sample Count: 12
[20:40:35] [Server thread/INFO]: Using 4 threads for Netty based IO
[20:40:35] [Server thread/INFO]: [ChunkTaskScheduler] Chunk system is using 1 I/O threads, 1 worker threads, and population gen parallelism of 1 threads
[20:40:36] [Server thread/INFO]: Default game type: SURVIVAL
[20:40:36] [Server thread/INFO]: Generating keypair
[20:40:36] [Server thread/INFO]: Starting Minecraft server on *:25565
[20:40:36] [Server thread/INFO]: Using epoll channel type
[20:40:36] [Server thread/INFO]: Paper: Using libdeflate (Linux x86_64) compression from Velocity.
[20:40:36] [Server thread/INFO]: Paper: Using OpenSSL 1.1.x (Linux x86_64) cipher from Velocity.
[20:40:36] [Server thread/WARN]: **** SERVER IS RUNNING IN OFFLINE/INSECURE MODE!
[20:40:36] [Server thread/WARN]: The server will make no attempt to authenticate usernames. Beware.
[20:40:36] [Server thread/WARN]: While this makes the game possible to play without internet access, it also opens up the ability for hackers to connect with any username they choose.
[20:40:36] [Server thread/WARN]: To change this, set "online-mode" to "true" in the server.properties file.
[20:40:36] [Server thread/INFO]: Preparing level "world"
[20:40:49] [Server thread/INFO]: Preparing start region for dimension minecraft:overworld
[20:40:56] [Server thread/INFO]: Time elapsed: 6532 ms
[20:40:56] [Server thread/INFO]: Preparing start region for dimension minecraft:the_nether
[20:40:58] [Server thread/INFO]: Time elapsed: 2051 ms
[20:40:58] [Server thread/INFO]: Preparing start region for dimension minecraft:the_end
[20:40:59] [Server thread/INFO]: Time elapsed: 575 ms
[20:40:59] [Server thread/INFO]: [spark] Starting background profiler...
[20:40:59] [Server thread/INFO]: Done preparing level "world" (22.999s)
[20:40:59] [Server thread/INFO]: Running delayed init tasks
[20:40:59] [Server thread/INFO]: Done (35.827s)! For help, type "help"
[20:40:59] [Server thread/INFO]: *************************************************************************************
[20:40:59] [Server thread/INFO]: This is the first time you're starting this server.
[20:40:59] [Server thread/INFO]: It's recommended you read our 'Getting Started' documentation for guidance.
[20:40:59] [Server thread/INFO]: View this and more helpful information here: https://docs.papermc.io/paper/next-steps
[20:40:59] [Server thread/INFO]: *************************************************************************************
[20:40:59] [Server thread/INFO]: Timings Reset
[20:41:37] [Server thread/INFO]: Stopping the server
[20:41:37] [Server thread/INFO]: Stopping server
[20:41:37] [Server thread/INFO]: Saving players
[20:41:37] [Server thread/INFO]: Saving worlds
[20:41:37] [Server thread/INFO]: Saving chunks for level 'ServerLevel[world]'/minecraft:overworld
[20:41:37] [Server thread/INFO]: [ChunkHolderManager] Waiting 60s for chunk system to halt for world 'world'
[20:41:37] [Server thread/INFO]: [ChunkHolderManager] Halted chunk system for world 'world'
[20:41:37] [Server thread/INFO]: [ChunkHolderManager] Saving all chunkholders for world 'world'
[20:41:38] [Server thread/INFO]: [ChunkHolderManager] Saved 841 block chunks, 49 entity chunks, 0 poi chunks in world 'world' in 0.82s
[20:41:38] [Server thread/INFO]: Saving chunks for level 'ServerLevel[world_nether]'/minecraft:the_nether
[20:41:38] [Server thread/INFO]: [ChunkHolderManager] Waiting 60s for chunk system to halt for world 'world_nether'
[20:41:38] [Server thread/INFO]: [ChunkHolderManager] Halted chunk system for world 'world_nether'
[20:41:38] [Server thread/INFO]: [ChunkHolderManager] Saving all chunkholders for world 'world_nether'
[20:41:38] [Server thread/INFO]: [ChunkHolderManager] Saved 841 block chunks, 49 entity chunks, 0 poi chunks in world 'world_nether' in 0.36s
[20:41:38] [Server thread/INFO]: Saving chunks for level 'ServerLevel[world_the_end]'/minecraft:the_end
[20:41:38] [Server thread/INFO]: [ChunkHolderManager] Waiting 60s for chunk system to halt for world 'world_the_end'
[20:41:38] [Server thread/INFO]: [ChunkHolderManager] Halted chunk system for world 'world_the_end'
[20:41:38] [Server thread/INFO]: [ChunkHolderManager] Saving all chunkholders for world 'world_the_end'
[20:41:38] [Server thread/INFO]: [ChunkHolderManager] Saved 841 block chunks, 49 entity chunks, 0 poi chunks in world 'world_the_end' in 0.26s
[20:41:38] [Server thread/INFO]: ThreadedAnvilChunkStorage (world): All chunks are saved
[20:41:38] [Server thread/INFO]: ThreadedAnvilChunkStorage (DIM-1): All chunks are saved
[20:41:38] [Server thread/INFO]: ThreadedAnvilChunkStorage (DIM1): All chunks are saved
[20:41:38] [Server thread/INFO]: ThreadedAnvilChunkStorage: All dimensions are saved
